[1484236347] Nagios 4.2.4 starting... (PID=1312)
[1484236347] Local time is Thu Jan 12 15:52:27 UTC 2017
[1484236347] LOG VERSION: 2.0
[1484236347] qh: Socket '/opt/nagios/var/rw/nagios.qh' successfully initialized
[1484236347] qh: core query handler registered
[1484236347] nerd: Channel hostchecks registered successfully
[1484236347] nerd: Channel servicechecks registered successfully
[1484236347] nerd: Channel opathchecks registered successfully
[1484236347] nerd: Fully initialized and ready to rock!
[1484236347] wproc: Successfully registered manager as @wproc with query handler
[1484236347] wproc: Registry request: name=Core Worker 1316;pid=1316
[1484236347] wproc: Registry request: name=Core Worker 1315;pid=1315
[1484236347] wproc: Registry request: name=Core Worker 1314;pid=1314
[1484236347] wproc: Registry request: name=Core Worker 1313;pid=1313
[1484236347] Successfully launched command file worker with pid 1317
[1516371753] Nagios 4.2.4 starting... (PID=16227)
[1516371753] Local time is Fri Jan 19 14:22:33 UTC 2018
[1516371753] LOG VERSION: 2.0
[1516371753] qh: Socket '/opt/nagios/var/rw/nagios.qh' successfully initialized
[1516371753] qh: core query handler registered
[1516371753] nerd: Channel hostchecks registered successfully
[1516371753] nerd: Channel servicechecks registered successfully
[1516371753] nerd: Channel opathchecks registered successfully
[1516371753] nerd: Fully initialized and ready to rock!
[1516371753] wproc: Successfully registered manager as @wproc with query handler
[1516371753] wproc: Registry request: name=Core Worker 16231;pid=16231
[1516371753] wproc: Registry request: name=Core Worker 16228;pid=16228
[1516371753] wproc: Registry request: name=Core Worker 16229;pid=16229
[1516371753] wproc: Registry request: name=Core Worker 16230;pid=16230
[1516371753] Error: Cannot open config file '/opt/nagios/etc/objects/contacts.cfg' for reading: No such file or directory
[1516371753] Bailing out due to one or more errors encountered in the configuration files. Run Nagios from the command line with the -v option to verify your config before restarting. (PID=16227)
[1516371753] Event broker module 'NERD' deinitialized successfully.
